# JRE version: OpenJDK Runtime Environment (11.0.12+7) (build 11.0.12+7-b1504.28-7817840)
# Java VM: OpenJDK 64-Bit Server VM (11.0.12+7-b1504.28-7817840, mixed mode, tiered, compressed oops, g1 gc, windows-amd64)
Heap:
 garbage-first heap   total 273408K, used 185339K [0x0000000080000000, 0x0000000100000000)
  region size 1024K, 29 young (29696K), 1 survivors (1024K)
 Metaspace       used 162421K, capacity 166621K, committed 167724K, reserved 1196032K
  class space    used 19969K, capacity 21570K, committed 21888K, reserved 1048576K
GC Heap History (20 events):
Event: 18384.191 GC heap before
{Heap before GC invocations=188 (full 0):
 garbage-first heap   total 273408K, used 165267K [0x0000000080000000, 0x0000000100000000)
  region size 1024K, 13 young (13312K), 1 survivors (1024K)
 Metaspace       used 157616K, capacity 161865K, committed 163116K, reserved 1191936K
  class space    used 19636K, capacity 21225K, committed 21632K, reserved 1048576K
}
Event: 18384.254 GC heap after
{Heap after GC invocations=189 (full 0):
 garbage-first heap   total 273408K, used 153370K [0x0000000080000000, 0x0000000100000000)
  region size 1024K, 1 young (1024K), 1 survivors (1024K)
 Metaspace       used 157616K, capacity 161865K, committed 163116K, reserved 1191936K
  class space    used 19636K, capacity 21225K, committed 21632K, reserved 1048576K
}
Event: 19564.616 GC heap before
{Heap before GC invocations=189 (full 0):
 garbage-first heap   total 273408K, used 227098K [0x0000000080000000, 0x0000000100000000)
  region size 1024K, 74 young (75776K), 1 survivors (1024K)
 Metaspace       used 157985K, capacity 162340K, committed 163116K, reserved 1191936K
  class space    used 19679K, capacity 21305K, committed 21632K, reserved 1048576K
}
Event: 19564.664 GC heap after
{Heap after GC invocations=190 (full 0):
 garbage-first heap   total 273408K, used 159612K [0x0000000080000000, 0x0000000100000000)
  region size 1024K, 7 young (7168K), 7 survivors (7168K)
 Metaspace       used 157985K, capacity 162340K, committed 163116K, reserved 1191936K
  class space    used 19679K, capacity 21305K, committed 21632K, reserved 1048576K
}
Event: 19568.712 GC heap before
{Heap before GC invocations=191 (full 0):
 garbage-first heap   total 273408K, used 231292K [0x0000000080000000, 0x0000000100000000)
  region size 1024K, 75 young (76800K), 7 survivors (7168K)
 Metaspace       used 158114K, capacity 162192K, committed 163628K, reserved 1191936K
  class space    used 19626K, capacity 21175K, committed 21632K, reserved 1048576K
}
Event: 19568.743 GC heap after
{Heap after GC invocations=192 (full 0):
 garbage-first heap   total 273408K, used 176096K [0x0000000080000000, 0x0000000100000000)
  region size 1024K, 10 young (10240K), 10 survivors (10240K)
 Metaspace       used 158114K, capacity 162192K, committed 163628K, reserved 1191936K
  class space    used 19626K, capacity 21175K, committed 21632K, reserved 1048576K
}
Event: 19569.169 GC heap before
{Heap before GC invocations=192 (full 0):
 garbage-first heap   total 273408K, used 179168K [0x0000000080000000, 0x0000000100000000)
  region size 1024K, 13 young (13312K), 10 survivors (10240K)
 Metaspace       used 158130K, capacity 162192K, committed 163628K, reserved 1191936K
  class space    used 19626K, capacity 21175K, committed 21632K, reserved 1048576K
}
Event: 19569.259 GC heap after
{Heap after GC invocations=193 (full 0):
 garbage-first heap   total 273408K, used 162650K [0x0000000080000000, 0x0000000100000000)
  region size 1024K, 2 young (2048K), 2 survivors (2048K)
 Metaspace       used 158130K, capacity 162192K, committed 163628K, reserved 1191936K
  class space    used 19626K, capacity 21175K, committed 21632K, reserved 1048576K
}
Event: 19570.571 GC heap before
{Heap before GC invocations=193 (full 0):
 garbage-first heap   total 273408K, used 196442K [0x0000000080000000, 0x0000000100000000)
  region size 1024K, 36 young (36864K), 2 survivors (2048K)
 Metaspace       used 159192K, capacity 163383K, committed 164652K, reserved 1191936K
  class space    used 19732K, capacity 21294K, committed 21632K, reserved 1048576K
}
Event: 19570.588 GC heap after
{Heap after GC invocations=194 (full 0):
 garbage-first heap   total 273408K, used 168355K [0x0000000080000000, 0x0000000100000000)
  region size 1024K, 8 young (8192K), 8 survivors (8192K)
 Metaspace       used 159192K, capacity 163383K, committed 164652K, reserved 1191936K
  class space    used 19732K, capacity 21294K, committed 21632K, reserved 1048576K
}
Event: 19572.848 GC heap before
{Heap before GC invocations=195 (full 0):
 garbage-first heap   total 273408K, used 241059K [0x0000000080000000, 0x0000000100000000)
  region size 1024K, 57 young (58368K), 8 survivors (8192K)
 Metaspace       used 159391K, capacity 163687K, committed 164908K, reserved 1191936K
  class space    used 19750K, capacity 21341K, committed 21632K, reserved 1048576K
}
Event: 19572.869 GC heap after
{Heap after GC invocations=196 (full 0):
 garbage-first heap   total 273408K, used 173814K [0x0000000080000000, 0x0000000100000000)
  region size 1024K, 7 young (7168K), 7 survivors (7168K)
 Metaspace       used 159391K, capacity 163687K, committed 164908K, reserved 1191936K
  class space    used 19750K, capacity 21341K, committed 21632K, reserved 1048576K
}
Event: 19572.905 GC heap before
{Heap before GC invocations=196 (full 0):
 garbage-first heap   total 273408K, used 178934K [0x0000000080000000, 0x0000000100000000)
  region size 1024K, 13 young (13312K), 7 survivors (7168K)
 Metaspace       used 159423K, capacity 163690K, committed 164908K, reserved 1191936K
  class space    used 19753K, capacity 21342K, committed 21632K, reserved 1048576K
}
Event: 19572.920 GC heap after
{Heap after GC invocations=197 (full 0):
 garbage-first heap   total 273408K, used 174080K [0x0000000080000000, 0x0000000100000000)
  region size 1024K, 2 young (2048K), 2 survivors (2048K)
 Metaspace       used 159423K, capacity 163690K, committed 164908K, reserved 1191936K
  class space    used 19753K, capacity 21342K, committed 21632K, reserved 1048576K
}
Event: 19573.931 GC heap before
{Heap before GC invocations=197 (full 0):
 garbage-first heap   total 273408K, used 221184K [0x0000000080000000, 0x0000000100000000)
  region size 1024K, 49 young (50176K), 2 survivors (2048K)
 Metaspace       used 162013K, capacity 166285K, committed 167468K, reserved 1196032K
  class space    used 19948K, capacity 21567K, committed 21888K, reserved 1048576K
}
Event: 19573.947 GC heap after
{Heap after GC invocations=198 (full 0):
 garbage-first heap   total 273408K, used 181913K [0x0000000080000000, 0x0000000100000000)
  region size 1024K, 7 young (7168K), 7 survivors (7168K)
 Metaspace       used 162013K, capacity 166285K, committed 167468K, reserved 1196032K
  class space    used 19948K, capacity 21567K, committed 21888K, reserved 1048576K
}
Event: 19574.970 GC heap before
{Heap before GC invocations=199 (full 0):
 garbage-first heap   total 273408K, used 214681K [0x0000000080000000, 0x0000000100000000)
  region size 1024K, 49 young (50176K), 7 survivors (7168K)
 Metaspace       used 162198K, capacity 166477K, committed 167724K, reserved 1196032K
  class space    used 19959K, capacity 21567K, committed 21888K, reserved 1048576K
}
Event: 19574.980 GC heap after
{Heap after GC invocations=200 (full 0):
 garbage-first heap   total 273408K, used 171558K [0x0000000080000000, 0x0000000100000000)
  region size 1024K, 3 young (3072K), 3 survivors (3072K)
 Metaspace       used 162198K, capacity 166477K, committed 167724K, reserved 1196032K
  class space    used 19959K, capacity 21567K, committed 21888K, reserved 1048576K
}
Event: 19575.338 GC heap before
{Heap before GC invocations=200 (full 0):
 garbage-first heap   total 273408K, used 181798K [0x0000000080000000, 0x0000000100000000)
  region size 1024K, 13 young (13312K), 3 survivors (3072K)
 Metaspace       used 162262K, capacity 166477K, committed 167724K, reserved 1196032K
  class space    used 19960K, capacity 21567K, committed 21888K, reserved 1048576K
}
Event: 19575.407 GC heap after
{Heap after GC invocations=201 (full 0):
 garbage-first heap   total 273408K, used 157691K [0x0000000080000000, 0x0000000100000000)
  region size 1024K, 1 young (1024K), 1 survivors (1024K)
 Metaspace       used 162262K, capacity 166477K, committed 167724K, reserved 1196032K
  class space    used 19960K, capacity 21567K, committed 21888K, reserved 1048576K
}

